<?xml version="1.0" encoding="UTF-8"?>
<!-- Generated by org.testng.reporters.JUnitReportReporter -->
<testsuite skipped="0" hostname="10503-2F-FB0V6T2" name="CBS.RaasiList_EditProfile" tests="1" failures="0" timestamp="2019-10-21T16:25:11 IST" time="114.462" errors="0">
  <testcase name="keywordSearchTest1" time="114.462" classname="CBS.RaasiList_EditProfile"/>
</testsuite> <!-- CBS.RaasiList_EditProfile -->
