<?xml version="1.0" encoding="UTF-8"?>
<!-- Generated by org.testng.reporters.JUnitReportReporter -->
<testsuite skipped="0" hostname="10503-2F-FB0V6T2" name="CBS.StarList_EditProfile" tests="1" failures="0" timestamp="2019-10-21T17:09:46 IST" time="455.040" errors="0">
  <testcase name="starlistEditProfile" time="455.040" classname="CBS.StarList_EditProfile"/>
</testsuite> <!-- CBS.StarList_EditProfile -->
