<?xml version="1.0" encoding="UTF-8"?>
<!-- Generated by org.testng.reporters.JUnitReportReporter -->
<testsuite skipped="0" hostname="10503-2F-FB0V6T2" name="CBS.AddPhoto_IntermediatePage" tests="1" failures="0" timestamp="2019-10-22T12:14:14 IST" time="69.034" errors="0">
  <testcase name="keywordSearchTest10" time="69.034" classname="CBS.AddPhoto_IntermediatePage"/>
</testsuite> <!-- CBS.AddPhoto_IntermediatePage -->
