<?xml version="1.0" encoding="UTF-8"?>
<!-- Generated by org.testng.reporters.JUnitReportReporter -->
<testsuite skipped="0" hostname="10503-2F-FB0V6T2" name="CBS.StarList_EditPP" tests="1" failures="0" timestamp="2019-10-21T16:03:53 IST" time="459.698" errors="0">
  <testcase name="starlistEditProfile" time="459.698" classname="CBS.StarList_EditPP"/>
</testsuite> <!-- CBS.StarList_EditPP -->
