<?xml version="1.0" encoding="UTF-8"?>
<!-- Generated by org.testng.reporters.JUnitReportReporter -->
<testsuite skipped="1" hostname="10503-2F-FB0V6T2" name="CBS.KeywordSearchTest2" tests="2" failures="0" timestamp="2019-10-22T11:56:07 IST" time="69.100" errors="0">
  <testcase name="keywordSearchTest10" time="69.100" classname="CBS.KeywordSearchTest2"/>
  <testcase name="keywordSearchTest11" classname="CBS.KeywordSearchTest2">
    <skipped/>
  </testcase> <!-- keywordSearchTest11 -->
</testsuite> <!-- CBS.KeywordSearchTest2 -->
