<?xml version="1.0" encoding="UTF-8"?>
<!-- Generated by org.testng.reporters.JUnitReportReporter -->
<testsuite skipped="0" hostname="VAIO" name="EditPP_TestScripts.AgeTest" tests="1" failures="0" timestamp="10 Apr 2020 23:48:18 GMT" time="163.767" errors="0">
  <testcase name="ageTest" time="163.767" classname="EditPP_TestScripts.AgeTest"/>
</testsuite> <!-- EditPP_TestScripts.AgeTest -->
