<?xml version="1.0" encoding="UTF-8"?>
<!-- Generated by org.testng.reporters.JUnitReportReporter -->
<testsuite skipped="3" hostname="10503-2F-FB0V6T2" name="EditPP_TestScripts.DoshamTest" tests="4" failures="0" timestamp="2020-02-28T12:51:43 IST" time="158.359" errors="0">
  <testcase name="dosham_ListingTest2" time="158.359" classname="EditPP_TestScripts.DoshamTest"/>
  <testcase name="dosham_SearchTest2" classname="EditPP_TestScripts.DoshamTest">
    <skipped/>
  </testcase> <!-- dosham_SearchTest2 -->
  <testcase name="dosham_ListingTest1" classname="EditPP_TestScripts.DoshamTest">
    <skipped/>
  </testcase> <!-- dosham_ListingTest1 -->
  <testcase name="dosham_SearchTest1" classname="EditPP_TestScripts.DoshamTest">
    <skipped/>
  </testcase> <!-- dosham_SearchTest1 -->
</testsuite> <!-- EditPP_TestScripts.DoshamTest -->
