<?xml version="1.0" encoding="UTF-8"?>
<!-- Generated by org.testng.reporters.JUnitReportReporter -->
<testsuite skipped="0" hostname="10503-2F-FB0V6T2" name="EditPP_TestScripts.StarSearch" tests="2" failures="0" timestamp="2020-02-17T12:00:03 IST" time="257.519" errors="0">
  <testcase name="gothraSearchTest1" time="225.631" classname="EditPP_TestScripts.StarSearch"/>
  <testcase name="gothraSearchTest2" time="31.888" classname="EditPP_TestScripts.StarSearch"/>
</testsuite> <!-- EditPP_TestScripts.StarSearch -->
