<?xml version="1.0" encoding="UTF-8"?>
<!-- Generated by org.testng.reporters.JUnitReportReporter -->
<testsuite skipped="0" hostname="10503-2F-FB0V6T2" name="EditPP_TestScripts.GothraSearch_MultiplePPvalues" tests="1" failures="0" timestamp="2020-02-18T14:46:47 IST" time="34.235" errors="0">
  <testcase name="gothraSearchTest3" time="34.235" classname="EditPP_TestScripts.GothraSearch_MultiplePPvalues"/>
</testsuite> <!-- EditPP_TestScripts.GothraSearch_MultiplePPvalues -->
