<?xml version="1.0" encoding="UTF-8"?>
<!-- Generated by org.testng.reporters.JUnitReportReporter -->
<testsuite skipped="1" hostname="10503-2F-FB0V6T2" name="EditPP_TestScripts.SubCasteTest" tests="2" failures="0" timestamp="2020-02-25T14:36:15 IST" time="31.722" errors="0">
  <testcase name="subCaste_SearchTest" time="31.722" classname="EditPP_TestScripts.SubCasteTest"/>
  <testcase name="subCaste_ListingTest" classname="EditPP_TestScripts.SubCasteTest">
    <skipped/>
  </testcase> <!-- subCaste_ListingTest -->
</testsuite> <!-- EditPP_TestScripts.SubCasteTest -->
