<?xml version="1.0" encoding="UTF-8"?>
<!-- Generated by org.testng.reporters.JUnitReportReporter -->
<testsuite hostname="10503-INA523X9ZX-D" name="com.cm.testscripts.BrahminRegisterTest" tests="1" failures="0" timestamp="25 Apr 2018 09:56:15 GMT" time="159.919" errors="0">
  <testcase name="bramhinRegisterTest" time="159.919" classname="com.cm.testscripts.BrahminRegisterTest"/>
</testsuite> <!-- com.cm.testscripts.BrahminRegisterTest -->
