<?xml version="1.0" encoding="UTF-8"?>
<!-- Generated by org.testng.reporters.JUnitReportReporter -->
<testsuite hostname="10503-INA523X9ZX-D" name="com.cm.testscripts.ProfShortlistedByMeTest" tests="1" failures="0" timestamp="31 May 2018 12:01:58 GMT" time="190.131" errors="0">
  <testcase name="ShortlistedByMeTest" time="190.131" classname="com.cm.testscripts.ProfShortlistedByMeTest"/>
</testsuite> <!-- com.cm.testscripts.ProfShortlistedByMeTest -->
