<?xml version="1.0" encoding="UTF-8"?>
<!-- Generated by org.testng.reporters.JUnitReportReporter -->
<testsuite hostname="10503-INA523X9ZX-D" name="com.cm.testscripts.IntermediatePages_AppDownloadTest" tests="1" failures="0" timestamp="31 May 2018 12:01:58 GMT" time="84.089" errors="0">
  <testcase name="intermediatePage_appDownloadTest" time="84.089" classname="com.cm.testscripts.IntermediatePages_AppDownloadTest"/>
</testsuite> <!-- com.cm.testscripts.IntermediatePages_AppDownloadTest -->
