<?xml version="1.0" encoding="UTF-8"?>
<!-- Generated by org.testng.reporters.JUnitReportReporter -->
<testsuite hostname="10503-INA523X9ZX-D" name="com.cm.testscripts.MatchesTest" tests="1" failures="0" timestamp="23 Aug 2018 09:34:46 GMT" time="130.074" errors="0">
  <testcase name="matches_YetToBeViewedTest3" time="130.074" classname="com.cm.testscripts.MatchesTest"/>
</testsuite> <!-- com.cm.testscripts.MatchesTest -->
