<?xml version="1.0" encoding="UTF-8"?>
<!-- Generated by org.testng.reporters.JUnitReportReporter -->
<testsuite hostname="10503-INA523X9ZX-D" name="com.cm.testscripts.MatchesS2Test" tests="1" failures="0" timestamp="31 May 2018 12:01:58 GMT" time="192.726" errors="0">
  <testcase name="preferences_Test" time="192.726" classname="com.cm.testscripts.MatchesS2Test"/>
</testsuite> <!-- com.cm.testscripts.MatchesS2Test -->
