<?xml version="1.0" encoding="UTF-8"?>
<!-- Generated by org.testng.reporters.JUnitReportReporter -->
<testsuite hostname="10503-INA523X9ZX-D" name="com.cm.testscripts.ListingPageTest" tests="1" failures="0" timestamp="3 May 2018 11:49:34 GMT" time="180.348" errors="0">
  <testcase name="yetToBEViewedTest" time="180.348" classname="com.cm.testscripts.ListingPageTest"/>
</testsuite> <!-- com.cm.testscripts.ListingPageTest -->
