<?xml version="1.0" encoding="UTF-8"?>
<!-- Generated by org.testng.reporters.JUnitReportReporter -->
<testsuite hostname="10503-INA523X9ZX-D" name="com.cm.testscripts.InboxTest2" tests="4" failures="0" timestamp="17 May 2018 06:25:18 GMT" time="955.054" errors="0">
  <testcase name="inboxRequests_S7Test" time="295.599" classname="com.cm.testscripts.InboxTest2"/>
  <testcase name="inboxRequests_S8Test" time="254.949" classname="com.cm.testscripts.InboxTest2"/>
  <testcase name="inboxRequests_S6Test" time="206.867" classname="com.cm.testscripts.InboxTest2"/>
  <testcase name="inboxRequests_S5Test" time="197.639" classname="com.cm.testscripts.InboxTest2"/>
</testsuite> <!-- com.cm.testscripts.InboxTest2 -->
