<?xml version="1.0" encoding="UTF-8"?>
<!-- Generated by org.testng.reporters.JUnitReportReporter -->
<testsuite hostname="10503-INA523X9ZX-D" name="com.cm.testscripts.ProfilesViewedNotContactedTest" tests="1" failures="0" timestamp="16 Feb 2018 08:48:57 GMT" time="442.921" errors="0">
  <testcase name="profileViewedTest" time="442.921" classname="com.cm.testscripts.ProfilesViewedNotContactedTest"/>
</testsuite> <!-- com.cm.testscripts.ProfilesViewedNotContactedTest -->
