<?xml version="1.0" encoding="UTF-8"?>
<!-- Generated by org.testng.reporters.JUnitReportReporter -->
<testsuite hostname="10503-INA523X9ZX-D" name="com.cm.testscripts.Inbox_Scenorio7Test" tests="1" failures="0" timestamp="15 Dec 2017 10:06:07 GMT" time="281.308" errors="0">
  <testcase name="inboxTest2" time="281.308" classname="com.cm.testscripts.Inbox_Scenorio7Test"/>
</testsuite> <!-- com.cm.testscripts.Inbox_Scenorio7Test -->
