<?xml version="1.0" encoding="UTF-8"?>
<!-- Generated by org.testng.reporters.JUnitReportReporter -->
<testsuite hostname="10503-INA523X9ZX-D" name="com.cm.testscripts.IntermediatePagesTest" tests="1" failures="0" timestamp="17 May 2018 10:01:47 GMT" time="283.961" errors="0">
  <testcase name="specialOffer_PaymentTest1" time="283.961" classname="com.cm.testscripts.IntermediatePagesTest"/>
</testsuite> <!-- com.cm.testscripts.IntermediatePagesTest -->
