<?xml version="1.0" encoding="UTF-8"?>
<!-- Generated by org.testng.reporters.JUnitReportReporter -->
<testsuite hostname="10503-INA523X9ZX-D" name="com.cm.testscripts.WhoShortlistedMeTest" tests="1" failures="0" timestamp="31 May 2018 12:01:58 GMT" time="349.336" errors="0">
  <testcase name="shortlistedMeTest" time="349.336" classname="com.cm.testscripts.WhoShortlistedMeTest"/>
</testsuite> <!-- com.cm.testscripts.WhoShortlistedMeTest -->
