<?xml version="1.0" encoding="UTF-8"?>
<!-- Generated by org.testng.reporters.JUnitReportReporter -->
<testsuite hostname="10503-INA523X9ZX-D" name="com.cm.testscripts.Inbox_Scenorio3Test" tests="1" failures="0" timestamp="5 Dec 2017 10:56:18 GMT" time="252.639" errors="0">
  <testcase name="inboxTest" time="252.639" classname="com.cm.testscripts.Inbox_Scenorio3Test"/>
</testsuite> <!-- com.cm.testscripts.Inbox_Scenorio3Test -->
