<?xml version="1.0" encoding="UTF-8"?>
<!-- Generated by org.testng.reporters.JUnitReportReporter -->
<testsuite hostname="10503-INA523X9ZX-D" name="com.cm.testscripts.Daily" tests="1" failures="0" timestamp="28 May 2018 06:02:21 GMT" time="170.634" errors="0">
  <testcase name="pendingInterestTest" time="170.634" classname="com.cm.testscripts.Daily"/>
</testsuite> <!-- com.cm.testscripts.Daily -->
