<?xml version="1.0" encoding="UTF-8"?>
<!-- Generated by org.testng.reporters.JUnitReportReporter -->
<testsuite hostname="10503-INA523X9ZX-D" name="com.cm.testscripts.SearchTest" tests="1" failures="0" timestamp="10 Apr 2018 05:50:41 GMT" time="495.389" errors="0">
  <testcase name="CheckboxInLatestMatchesTest" time="495.389" classname="com.cm.testscripts.SearchTest"/>
</testsuite> <!-- com.cm.testscripts.SearchTest -->
