<?xml version="1.0" encoding="UTF-8"?>
<!-- Generated by org.testng.reporters.JUnitReportReporter -->
<testsuite hostname="10503-INA523X9ZX-D" name="com.cm.testscripts.Inbox_Scenorio6Test" tests="1" failures="0" timestamp="8 Dec 2017 12:48:47 GMT" time="243.945" errors="0">
  <testcase name="inboxTest" time="243.945" classname="com.cm.testscripts.Inbox_Scenorio6Test"/>
</testsuite> <!-- com.cm.testscripts.Inbox_Scenorio6Test -->
