<?xml version="1.0" encoding="UTF-8"?>
<!-- Generated by org.testng.reporters.JUnitReportReporter -->
<testsuite hostname="10503-INA523X9ZX-D" name="com.cm.testscripts.ProfViewedNotContactTest" tests="1" failures="0" timestamp="7 Jun 2018 06:17:12 GMT" time="136.812" errors="0">
  <testcase name="profileViewedNotContactedTest2" time="136.812" classname="com.cm.testscripts.ProfViewedNotContactTest"/>
</testsuite> <!-- com.cm.testscripts.ProfViewedNotContactTest -->
