<?xml version="1.0" encoding="UTF-8"?>
<!-- Generated by org.testng.reporters.JUnitReportReporter -->
<testsuite hostname="10503-INA523X9ZX-D" name="com.cm.testscripts.InboxTest8" tests="1" failures="0" timestamp="12 Feb 2018 05:57:50 GMT" time="638.817" errors="0">
  <testcase name="inboxRequests_S8Test" time="638.817" classname="com.cm.testscripts.InboxTest8"/>
</testsuite> <!-- com.cm.testscripts.InboxTest8 -->
