<?xml version="1.0" encoding="UTF-8"?>
<!-- Generated by org.testng.reporters.JUnitReportReporter -->
<testsuite hostname="10503-INA523X9ZX-D" name="com.cm.testscripts.InterMediatePages_PI_Test" tests="1" failures="0" timestamp="31 May 2018 12:01:58 GMT" time="228.165" errors="0">
  <testcase name="pendingInterestTest" time="228.165" classname="com.cm.testscripts.InterMediatePages_PI_Test"/>
</testsuite> <!-- com.cm.testscripts.InterMediatePages_PI_Test -->
