<?xml version="1.0" encoding="UTF-8"?>
<!-- Generated by org.testng.reporters.JUnitReportReporter -->
<testsuite hostname="10503-INA523X9ZX-D" name="com.cm.testscripts.InboxTest0" tests="1" failures="0" timestamp="12 Feb 2018 05:21:49 GMT" time="688.237" errors="0">
  <testcase name="inboxInterests_S1Test" time="688.237" classname="com.cm.testscripts.InboxTest0"/>
</testsuite> <!-- com.cm.testscripts.InboxTest0 -->
