<?xml version="1.0" encoding="UTF-8"?>
<!-- Generated by org.testng.reporters.JUnitReportReporter -->
<testsuite hostname="10503-INA523X9ZX-D" name="com.cm.testscripts.ProfilesBlockedTest" tests="1" failures="0" timestamp="31 May 2018 12:01:58 GMT" time="251.771" errors="0">
  <testcase name="profilesIgnoredTest" time="251.771" classname="com.cm.testscripts.ProfilesBlockedTest"/>
</testsuite> <!-- com.cm.testscripts.ProfilesBlockedTest -->
