<?xml version="1.0" encoding="UTF-8"?>
<!-- Generated by org.testng.reporters.JUnitReportReporter -->
<testsuite hostname="10503-INA523X9ZX-D" name="com.cm.testscripts.PaymentTest" tests="4" failures="0" timestamp="5 Jun 2018 06:01:46 GMT" time="534.102" errors="0">
  <testcase name="specialOffer_PaymentTest3" time="102.174" classname="com.cm.testscripts.PaymentTest"/>
  <testcase name="specialOffer_PaymentTest1" time="219.922" classname="com.cm.testscripts.PaymentTest"/>
  <testcase name="specialOffer_PaymentTest4" time="99.941" classname="com.cm.testscripts.PaymentTest"/>
  <testcase name="specialOffer_PaymentTest2" time="112.065" classname="com.cm.testscripts.PaymentTest"/>
</testsuite> <!-- com.cm.testscripts.PaymentTest -->
