<?xml version="1.0" encoding="UTF-8"?>
<!-- Generated by org.testng.reporters.JUnitReportReporter -->
<testsuite hostname="10503-INA523X9ZX-D" name="com.cm.testscripts.ChristianRegisterTest" tests="1" failures="0" timestamp="25 Apr 2018 10:10:19 GMT" time="160.153" errors="0">
  <testcase name="christianRegisterTest" time="160.153" classname="com.cm.testscripts.ChristianRegisterTest"/>
</testsuite> <!-- com.cm.testscripts.ChristianRegisterTest -->
