<?xml version="1.0" encoding="UTF-8"?>
<!-- Generated by org.testng.reporters.JUnitReportReporter -->
<testsuite hostname="10503-INA523X9ZX-D" name="com.cm.testscripts.InboxTest3" tests="1" failures="0" timestamp="2 Feb 2018 11:45:13 GMT" time="218.329" errors="0">
  <testcase name="inboxMessages_S3Test" time="218.329" classname="com.cm.testscripts.InboxTest3"/>
</testsuite> <!-- com.cm.testscripts.InboxTest3 -->
