<?xml version="1.0" encoding="UTF-8"?>
<!-- Generated by org.testng.reporters.JUnitReportReporter -->
<testsuite hostname="10503-INA523X9ZX-D" name="com.cm.testscripts.AddPhotoTest" tests="1" failures="0" timestamp="7 Sep 2018 10:21:36 GMT" time="185.639" errors="0">
  <testcase name="addPhotoTest1" time="185.639" classname="com.cm.testscripts.AddPhotoTest"/>
</testsuite> <!-- com.cm.testscripts.AddPhotoTest -->
